Number of Trials =       1024, Blocksize =        8, MegaTrials/Second =    27.0270, Probability =  72.66%
Number of Trials =       1024, Blocksize =       32, MegaTrials/Second =    27.0270, Probability =  74.41%
Number of Trials =       1024, Blocksize =       64, MegaTrials/Second =    27.7778, Probability =  76.37%
Number of Trials =       1024, Blocksize =      128, MegaTrials/Second =    28.5714, Probability =  74.61%
Number of Trials =       4096, Blocksize =        8, MegaTrials/Second =   108.1081, Probability =  74.32%
Number of Trials =       4096, Blocksize =       32, MegaTrials/Second =   108.1081, Probability =  75.44%
Number of Trials =       4096, Blocksize =       64, MegaTrials/Second =   108.1081, Probability =  74.71%
Number of Trials =       4096, Blocksize =      128, MegaTrials/Second =   111.1111, Probability =  74.15%
Number of Trials =      16384, Blocksize =        8, MegaTrials/Second =   400.0000, Probability =  74.74%
Number of Trials =      16384, Blocksize =       32, MegaTrials/Second =   421.0527, Probability =  74.60%
Number of Trials =      16384, Blocksize =       64, MegaTrials/Second =   421.0527, Probability =  74.91%
Number of Trials =      16384, Blocksize =      128, MegaTrials/Second =   432.4324, Probability =  74.88%
Number of Trials =      65536, Blocksize =        8, MegaTrials/Second =   893.5428, Probability =  74.63%
Number of Trials =      65536, Blocksize =       32, MegaTrials/Second =  1542.1687, Probability =  74.62%
Number of Trials =      65536, Blocksize =       64, MegaTrials/Second =  1626.6878, Probability =  74.59%
Number of Trials =      65536, Blocksize =      128, MegaTrials/Second =  1643.6596, Probability =  74.92%
Number of Trials =     262144, Blocksize =        8, MegaTrials/Second =  2729.7567, Probability =  74.76%
Number of Trials =     262144, Blocksize =       32, MegaTrials/Second =  4423.3261, Probability =  74.61%
Number of Trials =     262144, Blocksize =       64, MegaTrials/Second =  4394.8498, Probability =  74.83%
Number of Trials =     262144, Blocksize =      128, MegaTrials/Second =  4513.4987, Probability =  74.73%
Number of Trials =    1048576, Blocksize =        8, MegaTrials/Second =  4008.8083, Probability =  74.72%
Number of Trials =    1048576, Blocksize =       32, MegaTrials/Second =  9451.3987, Probability =  74.75%
Number of Trials =    1048576, Blocksize =       64, MegaTrials/Second =  9256.4973, Probability =  74.69%
Number of Trials =    1048576, Blocksize =      128, MegaTrials/Second =  9558.9264, Probability =  74.71%
Number of Trials =    2097152, Blocksize =        8, MegaTrials/Second =  4355.1302, Probability =  74.66%
Number of Trials =    2097152, Blocksize =       32, MegaTrials/Second = 11493.5108, Probability =  74.72%
Number of Trials =    2097152, Blocksize =       64, MegaTrials/Second = 11707.0387, Probability =  74.77%
Number of Trials =    2097152, Blocksize =      128, MegaTrials/Second = 11814.6744, Probability =  74.69%
